<?xml version="1.0" encoding="UTF-8"?>
<!-- Generated by org.testng.reporters.JUnitXMLReporter -->
<testsuite hostname="ip-10-52-21-180.eu-west-1.compute.internal" failures="1" tests="1" name="Surefire test" time="0.019" errors="0" timestamp="14 Mar 2023 08:26:18 GMT">
  <testcase classname="com.seera.data.task.TaskApplicationTests" name="testGetOrders" time="0.009">
    <failure type="java.lang.NullPointerException" message="Cannot invoke &amp;quot;com.seera.data.task.service.L2_servicesRepository.getL2_serviceResults()&amp;quot; because &amp;quot;this.l2_servicesRepository&amp;quot; is null">
      <![CDATA[java.lang.NullPointerException: Cannot invoke "com.seera.data.task.service.L2_servicesRepository.getL2_serviceResults()" because "this.l2_servicesRepository" is null
	at com.seera.data.task.TaskApplicationTests.testGetOrders(TaskApplicationTests.java:38)
... Removed 27 stack frames]]>
    </failure>
  </testcase> <!-- testGetOrders -->
</testsuite> <!-- Surefire test -->
