<?xml version="1.0" encoding="UTF-8"?>
<testsuite xmlns:xsi="http://www.w3.org/2001/XMLSchema-instance" xsi:noNamespaceSchemaLocation="https://maven.apache.org/surefire/maven-surefire-plugin/xsd/surefire-test-report.xsd" name="com.seera.data.task.TaskApplicationTests" time="0.503" tests="1" errors="0" skipped="0" failures="1">
  <properties>
[...]
</properties>
  <testcase name="testGetOrders" classname="com.seera.data.task.TaskApplicationTests" time="0.013">
    <failure message="Cannot invoke &quot;com.seera.data.task.service.L2_servicesRepository.getL2_serviceResults()&quot; because &quot;this.l2_servicesRepository&quot; is null" type="java.lang.NullPointerException">java.lang.NullPointerException: Cannot invoke "com.seera.data.task.service.L2_servicesRepository.getL2_serviceResults()" because "this.l2_servicesRepository" is null
	at com.seera.data.task.TaskApplicationTests.testGetOrders(TaskApplicationTests.java:38)
</failure>
  </testcase>
</testsuite>